#
# There is insufficient memory for the Java Runtime Environment to continue.
# Native memory allocation (malloc) failed to allocate 1048576 bytes for AllocateHeap
# Possible reasons:
#   The system is out of physical RAM or swap space
#   In 32 bit mode, the process size limit was hit
# Possible solutions:
#   Reduce memory load on the system
#   Increase physical memory or swap space
#   Check if swap backing store is full
#   Use 64 bit Java on a 64 bit OS
#   Decrease Java heap size (-Xmx/-Xms)
#   Decrease number of Java threads
#   Decrease Java thread stack sizes (-Xss)
#   Set larger code cache with -XX:ReservedCodeCacheSize=
# This output file may be truncated or incomplete.
#
#  Out of Memory Error (memory/allocation.inline.hpp:61), pid=5972, tid=0x00000000000000d8
#
# JRE version:  (8.0_172-b11) (build )
# Java VM: Java HotSpot(TM) 64-Bit Server VM (25.172-b11 mixed mode windows-amd64 compressed oops)
# Failed to write core dump. Minidumps are not enabled by default on client versions of Windows
#

---------------  T H R E A D  ---------------

Current thread (0x0000000002bc2800):  JavaThread "Unknown thread" [_thread_in_vm, id=216, stack(0x0000000002760000,0x0000000002860000)]

Stack: [0x0000000002760000,0x0000000002860000]
[error occurred during error reporting (printing stack bounds), id 0xc0000005]

Native frames: (J=compiled Java code, j=interpreted, Vv=VM code, C=native code)


---------------  P R O C E S S  ---------------

Java Threads: ( => current thread )

Other Threads:

=>0x0000000002bc2800 (exited) JavaThread "Unknown thread" [_thread_in_vm, id=216, stack(0x0000000002760000,0x0000000002860000)]

VM state:not at safepoint (normal execution)

VM Mutex/Monitor currently owned by a thread: None

Heap:
 PSYoungGen      total 76288K, used 1310K [0x000000076b180000, 0x0000000770680000, 0x00000007c0000000)
  eden space 65536K, 2% used [0x000000076b180000,0x000000076b2c7af0,0x000000076f180000)
  from space 10752K, 0% used [0x000000076fc00000,0x000000076fc00000,0x0000000770680000)
  to   space 10752K, 0% used [0x000000076f180000,0x000000076f180000,0x000000076fc00000)
 ParOldGen       total 175104K, used 0K [0x00000006c1400000, 0x00000006cbf00000, 0x000000076b180000)
  object space 175104K, 0% used [0x00000006c1400000,0x00000006c1400000,0x00000006cbf00000)
 Metaspace       used 775K, capacity 4480K, committed 4480K, reserved 1056768K
  class space    used 76K, capacity 384K, committed 384K, reserved 1048576K

Card table byte_map: [0x0000000012080000,0x0000000012880000] byte_map_base: 0x000000000ea76000

Marking Bits: (ParMarkBitMap*) 0x0000000058f63c10
 Begin Bits: [0x00000000131d0000, 0x0000000017180000)
 End Bits:   [0x0000000017180000, 0x000000001b130000)

Polling page: 0x0000000000a10000

CodeCache: size=245760Kb used=328Kb max_used=328Kb free=245431Kb
 bounds [0x0000000002cc0000, 0x0000000002f30000, 0x0000000011cc0000]
 total_blobs=58 nmethods=0 adapters=38
 compilation: enabled

Compilation events (0 events):
No events

GC Heap History (0 events):
No events

Deoptimization events (0 events):
No events

Classes redefined (0 events):
No events

Internal exceptions (0 events):
No events

Events (10 events):
Event: 0.230 loading class java/lang/Short
Event: 0.230 loading class java/lang/Short done
Event: 0.230 loading class java/lang/Integer
Event: 0.230 loading class java/lang/Integer done
Event: 0.230 loading class java/lang/Long
Event: 0.230 loading class java/lang/Long done
Event: 0.231 loading class java/lang/NullPointerException
Event: 0.231 loading class java/lang/NullPointerException done
Event: 0.231 loading class java/lang/ArithmeticException
Event: 0.231 loading class java/lang/ArithmeticException done


Dynamic libraries:
0x00007ff6c08c0000 - 0x00007ff6c08f7000 	C:\Program Files\Java\jdk1.8.0_172\bin\javaw.exe
0x00007ff93a070000 - 0x00007ff93a251000 	C:\WINDOWS\SYSTEM32\ntdll.dll
0x00007ff938160000 - 0x00007ff938212000 	C:\WINDOWS\System32\KERNEL32.DLL
0x00007ff9370e0000 - 0x00007ff937353000 	C:\WINDOWS\System32\KERNELBASE.dll
0x00007ff939e40000 - 0x00007ff939ee1000 	C:\WINDOWS\System32\ADVAPI32.dll
0x00007ff937e50000 - 0x00007ff937eee000 	C:\WINDOWS\System32\msvcrt.dll
0x00007ff937ef0000 - 0x00007ff937f4b000 	C:\WINDOWS\System32\sechost.dll
0x00007ff937d10000 - 0x00007ff937e34000 	C:\WINDOWS\System32\RPCRT4.dll
0x00007ff937930000 - 0x00007ff937ac0000 	C:\WINDOWS\System32\USER32.dll
0x00007ff936560000 - 0x00007ff936580000 	C:\WINDOWS\System32\win32u.dll
0x00007ff937900000 - 0x00007ff937928000 	C:\WINDOWS\System32\GDI32.dll
0x00007ff937360000 - 0x00007ff9374f2000 	C:\WINDOWS\System32\gdi32full.dll
0x00007ff9364c0000 - 0x00007ff93655f000 	C:\WINDOWS\System32\msvcp_win.dll
0x00007ff936df0000 - 0x00007ff936eea000 	C:\WINDOWS\System32\ucrtbase.dll
0x00007ff9273d0000 - 0x00007ff927639000 	C:\WINDOWS\WinSxS\amd64_microsoft.windows.common-controls_6595b64144ccf1df_6.0.17134.112_none_fb3f961b30681c12\COMCTL32.dll
0x00007ff937510000 - 0x00007ff937833000 	C:\WINDOWS\System32\combase.dll
0x00007ff936440000 - 0x00007ff9364ba000 	C:\WINDOWS\System32\bcryptPrimitives.dll
0x00007ff939e10000 - 0x00007ff939e3d000 	C:\WINDOWS\System32\IMM32.DLL
0x0000000058660000 - 0x0000000058732000 	C:\Program Files\Java\jdk1.8.0_172\jre\bin\msvcr100.dll
0x0000000058740000 - 0x0000000058fe3000 	C:\Program Files\Java\jdk1.8.0_172\jre\bin\server\jvm.dll
0x00007ff937e40000 - 0x00007ff937e48000 	C:\WINDOWS\System32\PSAPI.DLL
0x00007ff9345f0000 - 0x00007ff934613000 	C:\WINDOWS\SYSTEM32\WINMM.dll
0x00007ff927900000 - 0x00007ff92790a000 	C:\WINDOWS\SYSTEM32\VERSION.dll
0x00007ff9345c0000 - 0x00007ff9345ea000 	C:\WINDOWS\SYSTEM32\WINMMBASE.dll
0x00007ff9365e0000 - 0x00007ff936629000 	C:\WINDOWS\System32\cfgmgr32.dll
0x00007ff924680000 - 0x00007ff924689000 	C:\WINDOWS\SYSTEM32\WSOCK32.dll
0x00007ff9397b0000 - 0x00007ff93981c000 	C:\WINDOWS\System32\WS2_32.dll
0x0000000058650000 - 0x000000005865f000 	C:\Program Files\Java\jdk1.8.0_172\jre\bin\verify.dll
0x0000000058620000 - 0x0000000058649000 	C:\Program Files\Java\jdk1.8.0_172\jre\bin\java.dll
0x0000000058600000 - 0x0000000058616000 	C:\Program Files\Java\jdk1.8.0_172\jre\bin\zip.dll

VM Arguments:
jvm_args: -Dfile.encoding=MS949 
java_command: playdata.pb.view.JoinView
java_class_path (initial): C:\Program Files\Java\jdk1.8.0_172\jre\lib\resources.jar;C:\Program Files\Java\jdk1.8.0_172\jre\lib\rt.jar;C:\Program Files\Java\jdk1.8.0_172\jre\lib\jsse.jar;C:\Program Files\Java\jdk1.8.0_172\jre\lib\jce.jar;C:\Program Files\Java\jdk1.8.0_172\jre\lib\charsets.jar;C:\Program Files\Java\jdk1.8.0_172\jre\lib\jfr.jar;C:\Program Files\Java\jdk1.8.0_172\jre\lib\ext\access-bridge-64.jar;C:\Program Files\Java\jdk1.8.0_172\jre\lib\ext\cldrdata.jar;C:\Program Files\Java\jdk1.8.0_172\jre\lib\ext\dnsns.jar;C:\Program Files\Java\jdk1.8.0_172\jre\lib\ext\jaccess.jar;C:\Program Files\Java\jdk1.8.0_172\jre\lib\ext\jfxrt.jar;C:\Program Files\Java\jdk1.8.0_172\jre\lib\ext\localedata.jar;C:\Program Files\Java\jdk1.8.0_172\jre\lib\ext\nashorn.jar;C:\Program Files\Java\jdk1.8.0_172\jre\lib\ext\sunec.jar;C:\Program Files\Java\jdk1.8.0_172\jre\lib\ext\sunjce_provider.jar;C:\Program Files\Java\jdk1.8.0_172\jre\lib\ext\sunmscapi.jar;C:\Program Files\Java\jdk1.8.0_172\jre\lib\ext\sunpkcs11.jar;C:\Program Files\Java\jdk1.8.0_172\jre\lib\ext\zipfs.jar;C:\Users\Playdata\Documents\GitHub\presentbook\pb\bin;C:\Users\Playdata\Documents\GitHub\presentbook\pb\lib\ojdbc6.jar
Launcher Type: SUN_STANDARD

Environment Variables:
JAVA_HOME=C:\Program Files\Java\jdk1.8.0_172
CLASSPATH=.;C:\Program Files\Java\jdk1.8.0_172\lib;
PATH=C:/Program Files/Java/jdk1.8.0_172/bin/../jre/bin/server;C:/Program Files/Java/jdk1.8.0_172/bin/../jre/bin;C:/Program Files/Java/jdk1.8.0_172/bin/../jre/lib/amd64;C:\oraclexe\app\oracle\product\11.2.0\server\bin;C:\Program Files\Java\jdk1.8.0_172\bin;C:\Program Files (x86)\Common Files\Oracle\Java\javapath;C:\WINDOWS\system32;C:\WINDOWS;C:\WINDOWS\System32\Wbem;C:\WINDOWS\System32\WindowsPowerShell\v1.0\;C:\WINDOWS\System32\OpenSSH\;C:\Program Files\Git\cmd;c:\windows\system32;C:\Users\Playdata\AppData\Local\Microsoft\WindowsApps;C:\Program Files\Bandizip\;C:\Users\Playdata\AppData\Local\GitHubDesktop\bin;C:\eclipse;
USERNAME=Playdata
OS=Windows_NT
PROCESSOR_IDENTIFIER=Intel64 Family 6 Model 142 Stepping 9, GenuineIntel



---------------  S Y S T E M  ---------------

OS: Windows 10.0 , 64 bit Build 17134 (10.0.17134.1)

CPU:total 4 (initial active 4) (2 cores per cpu, 2 threads per core) family 6 model 142 stepping 9, cmov, cx8, fxsr, mmx, sse, sse2, sse3, ssse3, sse4.1, sse4.2, popcnt, avx, avx2, aes, clmul, erms, 3dnowpref, lzcnt, ht, tsc, tscinvbit, bmi1, bmi2, adx

Memory: 4k page, physical 16689904k(8928844k free), swap 47109296k(5928k free)

vm_info: Java HotSpot(TM) 64-Bit Server VM (25.172-b11) for windows-amd64 JRE (1.8.0_172-b11), built on Mar 28 2018 21:21:52 by "java_re" with MS VC++ 10.0 (VS2010)

time: Sat Jul 07 11:53:11 2018
elapsed time: 0 seconds (0d 0h 0m 0s)

